This is pdfTeX, Version 3.1415926-1.40.10 (TeX Live 2009/Debian) (format=pdflatex 2012.9.18)  23 MAY 2013 15:44
entering extended mode
 %&-line parsing enabled.
**elsarticle-template-1-num.tex
(./elsarticle-template-1-num.tex
LaTeX2e <2009/09/24>
Babel <v3.8l> and hyphenation patterns for english, usenglishmax, dumylang, noh
yphenation, loaded.
(/usr/share/texmf-texlive/tex/latex/elsarticle/elsarticle.cls
Document Class: elsarticle 2009/09/17, 1.2.0: Elsevier Ltd
\@bls=\dimen102
(/usr/share/texmf-texlive/tex/latex/base/article.cls
Document Class: article 2007/10/19 v1.4h Standard LaTeX document class
(/usr/share/texmf-texlive/tex/latex/base/size12.clo
File: size12.clo 2007/10/19 v1.4h Standard LaTeX file (size option)
)
\c@part=\count79
\c@section=\count80
\c@subsection=\count81
\c@subsubsection=\count82
\c@paragraph=\count83
\c@subparagraph=\count84
\c@figure=\count85
\c@table=\count86
\abovecaptionskip=\skip41
\belowcaptionskip=\skip42
\bibindent=\dimen103
)
(/usr/share/texmf-texlive/tex/latex/graphics/graphicx.sty
Package: graphicx 1999/02/16 v1.0f Enhanced LaTeX Graphics (DPC,SPQR)

(/usr/share/texmf-texlive/tex/latex/graphics/keyval.sty
Package: keyval 1999/03/16 v1.13 key=value parser (DPC)
\KV@toks@=\toks14
)
(/usr/share/texmf-texlive/tex/latex/graphics/graphics.sty
Package: graphics 2009/02/05 v1.0o Standard LaTeX Graphics (DPC,SPQR)

(/usr/share/texmf-texlive/tex/latex/graphics/trig.sty
Package: trig 1999/03/16 v1.09 sin cos tan (DPC)
)
(/etc/texmf/tex/latex/config/graphics.cfg
File: graphics.cfg 2009/08/28 v1.8 graphics configuration of TeX Live
)
Package graphics Info: Driver file: pdftex.def on input line 91.

(/usr/share/texmf-texlive/tex/latex/pdftex-def/pdftex.def
File: pdftex.def 2010/03/12 v0.04p Graphics/color for pdfTeX
\Gread@gobject=\count87
))
\Gin@req@height=\dimen104
\Gin@req@width=\dimen105
)
(/usr/share/texmf-texlive/tex/latex/psnfss/pifont.sty
Package: pifont 2005/04/12 PSNFSS-v9.2a Pi font support (SPQR) 
LaTeX Font Info:    Try loading font information for U+pzd on input line 63.

(/usr/share/texmf-texlive/tex/latex/psnfss/upzd.fd
File: upzd.fd 2001/06/04 font definitions for U/pzd.
)
LaTeX Font Info:    Try loading font information for U+psy on input line 64.

(/usr/share/texmf-texlive/tex/latex/psnfss/upsy.fd
File: upsy.fd 2001/06/04 font definitions for U/psy.
))
\c@tnote=\count88
\c@fnote=\count89
\c@cnote=\count90
\c@ead=\count91
\c@author=\count92
\@eadauthor=\toks15
\c@affn=\count93
\absbox=\box26
\keybox=\box27
\Columnwidth=\dimen106
\space@left=\dimen107
\els@boxa=\box28
\els@boxb=\box29
\leftMargin=\dimen108
\@enLab=\toks16
\@sep=\skip43
\@@sep=\skip44

(./build/elsarticle-template-1-num.spl)
(/usr/share/texmf-texlive/tex/latex/natbib/natbib.sty
Package: natbib 2009/07/16 8.31 (PWD, AO)
\bibhang=\skip45
\bibsep=\skip46
LaTeX Info: Redefining \cite on input line 694.
\c@NAT@ctr=\count94
)
\splwrite=\write3
\openout3 = `elsarticle-template-1-num.spl'.

)
(/usr/share/texmf-texlive/tex/latex/amsfonts/amssymb.sty
Package: amssymb 2009/06/22 v3.00

(/usr/share/texmf-texlive/tex/latex/amsfonts/amsfonts.sty
Package: amsfonts 2009/06/22 v3.00 Basic AMSFonts support
\@emptytoks=\toks17
\symAMSa=\mathgroup4
\symAMSb=\mathgroup5
LaTeX Font Info:    Overwriting math alphabet `\mathfrak' in version `bold'
(Font)                  U/euf/m/n --> U/euf/b/n on input line 96.
))
(/home/nacho/texmf/tex/lineno/lineno/lineno.sty
Package: lineno 2005/11/02 line numbers on paragraphs v4.41
\linenopenalty=\count95
\output=\toks18
\linenoprevgraf=\count96
\linenumbersep=\dimen109
\linenumberwidth=\dimen110
\c@linenumber=\count97
\c@pagewiselinenumber=\count98
\c@LN@truepage=\count99
\c@internallinenumber=\count100
\c@internallinenumbers=\count101
\quotelinenumbersep=\dimen111
\bframerule=\dimen112
\bframesep=\dimen113
\bframebox=\box30
LaTeX Info: Redefining \\ on input line 3056.
)
(./build/elsarticle-template-1-num.aux)
\openout1 = `elsarticle-template-1-num.aux'.

LaTeX Font Info:    Checking defaults for OML/cmm/m/it on input line 80.
LaTeX Font Info:    ... okay on input line 80.
LaTeX Font Info:    Checking defaults for T1/cmr/m/n on input line 80.
LaTeX Font Info:    ... okay on input line 80.
LaTeX Font Info:    Checking defaults for OT1/cmr/m/n on input line 80.
LaTeX Font Info:    ... okay on input line 80.
LaTeX Font Info:    Checking defaults for OMS/cmsy/m/n on input line 80.
LaTeX Font Info:    ... okay on input line 80.
LaTeX Font Info:    Checking defaults for OMX/cmex/m/n on input line 80.
LaTeX Font Info:    ... okay on input line 80.
LaTeX Font Info:    Checking defaults for U/cmr/m/n on input line 80.
LaTeX Font Info:    ... okay on input line 80.

(/usr/share/texmf/tex/context/base/supp-pdf.mkii
[Loading MPS to PDF converter (version 2006.09.02).]
\scratchcounter=\count102
\scratchdimen=\dimen114
\scratchbox=\box31
\nofMPsegments=\count103
\nofMParguments=\count104
\everyMPshowfont=\toks19
\MPscratchCnt=\count105
\MPscratchDim=\dimen115
\MPnumerator=\count106
\everyMPtoPDFconversion=\toks20
)
LaTeX Font Info:    Try loading font information for U+msa on input line 130.
 (/usr/share/texmf-texlive/tex/latex/amsfonts/umsa.fd
File: umsa.fd 2009/06/22 v3.00 AMS symbols A
)
LaTeX Font Info:    Try loading font information for U+msb on input line 130.

(/usr/share/texmf-texlive/tex/latex/amsfonts/umsb.fd
File: umsb.fd 2009/06/22 v3.00 AMS symbols B
) [1


{/var/lib/texmf/fonts/map/pdftex/updmap/pdftex.map}]
LaTeX Font Info:    Try loading font information for OMS+cmr on input line 146.


(/usr/share/texmf-texlive/tex/latex/base/omscmr.fd
File: omscmr.fd 1999/05/25 v2.5h Standard LaTeX font definitions
)
LaTeX Font Info:    Font shape `OMS/cmr/m/n' in size <12> not available
(Font)              Font shape `OMS/cmsy/m/n' tried instead on input line 146.
 [2]
<placeholder.jpg, id=16, 351.3125pt x 193.72375pt>
File: placeholder.jpg Graphic file (type jpg)
 <use placeholder.jpg>
Overfull \hbox (8.08151pt too wide) in paragraph at lines 196--197
\OT1/cmr/m/n/12 morbi tris-tique senec-tus et ne-tus et male-suada fames ac tur
pis eges-tas. Quisque
 []

[3 <./placeholder.jpg>] (./build/elsarticle-template-1-num.bbl) [4]
(./build/elsarticle-template-1-num.aux) ) 
Here is how much of TeX's memory you used:
 2043 strings out of 495061
 24922 string characters out of 1182621
 76870 words of memory out of 3000000
 5211 multiletter control sequences out of 15000+50000
 10574 words of font info for 39 fonts, out of 3000000 for 9000
 28 hyphenation exceptions out of 8191
 32i,7n,30p,741b,214s stack positions out of 5000i,500n,10000p,200000b,50000s
</usr/share/texmf-texlive/fonts/type1/
public/amsfonts/cm/cmbx12.pfb></usr/share/texmf-texlive/fonts/type1/public/amsf
onts/cm/cmmi12.pfb></usr/share/texmf-texlive/fonts/type1/public/amsfonts/cm/cmr
10.pfb></usr/share/texmf-texlive/fonts/type1/public/amsfonts/cm/cmr12.pfb></usr
/share/texmf-texlive/fonts/type1/public/amsfonts/cm/cmr17.pfb></usr/share/texmf
-texlive/fonts/type1/public/amsfonts/cm/cmr8.pfb></usr/share/texmf-texlive/font
s/type1/public/amsfonts/cm/cmss8.pfb></usr/share/texmf-texlive/fonts/type1/publ
ic/amsfonts/cm/cmsy10.pfb></usr/share/texmf-texlive/fonts/type1/public/amsfonts
/cm/cmti10.pfb></usr/share/texmf-texlive/fonts/type1/public/amsfonts/cm/cmti12.
pfb>
Output written on ./build/elsarticle-template-1-num.pdf (4 pages, 142404 bytes)
.
PDF statistics:
 56 PDF objects out of 1000 (max. 8388607)
 0 named destinations out of 1000 (max. 500000)
 6 words of extra memory for PDF output out of 10000 (max. 10000000)

